<?xml version="1.0" encoding="UTF-8"?>
<!-- Generated by org.testng.reporters.JUnitReportReporter -->
<testsuite hostname="DESKTOP-JGJEP7R" failures="0" tests="2" name="Runner_Script.TestRunner1" time="25.839" errors="0" timestamp="2023-07-03T16:33:27 IST" skipped="0">
  <testcase classname="Runner_Script.TestRunner1" name="test2" time="12.830"/>
  <testcase classname="Runner_Script.TestRunner1" name="test2" time="13.009"/>
</testsuite> <!-- Runner_Script.TestRunner1 -->
